Looking for git in: git
Using git 2.17.1 from git
> git rev-parse --show-toplevel
> git rev-parse --git-dir
Open repository: /home/denis/Workspace/Oministack11
> git status -z -u
> git symbolic-ref --short HEAD
> git rev-parse master
> git rev-parse --symbolic-full-name master@{u}
> git rev-list --left-right master...refs/remotes/origin/master
> git for-each-ref --format %(refname) %(objectname) --sort -committerdate
> git remote --verbose
> git config --get commit.template
> git check-ignore -v -z --stdin
> git status -z -u
> git symbolic-ref --short HEAD
> git rev-parse master
> git rev-parse --symbolic-full-name master@{u}
> git rev-list --left-right master...refs/remotes/origin/master
> git for-each-ref --format %(refname) %(objectname) --sort -committerdate
> git remote --verbose
> git config --get commit.template
> git status -z -u
> git symbolic-ref --short HEAD
> git rev-parse master
> git rev-parse --symbolic-full-name master@{u}
> git rev-list --left-right master...refs/remotes/origin/master
> git for-each-ref --format %(refname) %(objectname) --sort -committerdate
> git remote --verbose
> git config --get commit.template
> git status -z -u
> git symbolic-ref --short HEAD
> git rev-parse master
> git rev-parse --symbolic-full-name master@{u}
> git rev-list --left-right master...refs/remotes/origin/master
> git for-each-ref --format %(refname) %(objectname) --sort -committerdate
> git remote --verbose
> git config --get commit.template
> git show :mobile/App.js
> git ls-files --stage -- /home/denis/Workspace/Oministack11/mobile/App.js
> git status -z -u
> git symbolic-ref --short HEAD
> git rev-parse master
> git rev-parse --symbolic-full-name master@{u}
> git rev-list --left-right master...refs/remotes/origin/master
> git for-each-ref --format %(refname) %(objectname) --sort -committerdate
> git remote --verbose
> git config --get commit.template
> git show :mobile/app.json
> git ls-files --stage -- /home/denis/Workspace/Oministack11/mobile/app.json
> git status -z -u
> git symbolic-ref --short HEAD
> git rev-parse master
> git rev-parse --symbolic-full-name master@{u}
> git rev-list --left-right master...refs/remotes/origin/master
> git for-each-ref --format %(refname) %(objectname) --sort -committerdate
> git remote --verbose
> git config --get commit.template
> git show :mobile/App.js
> git ls-files --stage -- /home/denis/Workspace/Oministack11/mobile/App.js
> git show :mobile/App.js
> git ls-files --stage -- /home/denis/Workspace/Oministack11/mobile/App.js
> git show :mobile/App.js
> git ls-files --stage -- /home/denis/Workspace/Oministack11/mobile/App.js
> git show :mobile/app.json
> git ls-files --stage -- /home/denis/Workspace/Oministack11/mobile/app.json
> git show :mobile/App.js
> git ls-files --stage -- /home/denis/Workspace/Oministack11/mobile/App.js
> git show :mobile/App.js
> git ls-files --stage -- /home/denis/Workspace/Oministack11/mobile/App.js
> git check-ignore -v -z --stdin
> git check-ignore -v -z --stdin
> git check-ignore -v -z --stdin
> git check-ignore -v -z --stdin
> git show :mobile/App.js
> git ls-files --stage -- /home/denis/Workspace/Oministack11/mobile/App.js
> git show :mobile/app.json
> git ls-files --stage -- /home/denis/Workspace/Oministack11/mobile/app.json
> git show :mobile/App.js
> git ls-files --stage -- /home/denis/Workspace/Oministack11/mobile/App.js
> git show :mobile/app.json
> git ls-files --stage -- /home/denis/Workspace/Oministack11/mobile/app.json
> git show :mobile/App.js
> git ls-files --stage -- /home/denis/Workspace/Oministack11/mobile/App.js
> git show :mobile/App.js
> git ls-files --stage -- /home/denis/Workspace/Oministack11/mobile/App.js
> git show :mobile/App.js
> git ls-files --stage -- /home/denis/Workspace/Oministack11/mobile/App.js
