Looking for git in: git
Using git 2.17.1 from git
> git rev-parse --show-toplevel
> git rev-parse --git-dir
Open repository: /home/denis/Workspace/Oministack11
> git status -z -u
> git show :mobile/App.js
> git ls-files --stage -- /home/denis/Workspace/Oministack11/mobile/App.js
> git symbolic-ref --short HEAD
> git rev-parse master
> git rev-parse --symbolic-full-name master@{u}
> git check-ignore -v -z --stdin
> git rev-list --left-right master...refs/remotes/origin/master
> git for-each-ref --format %(refname) %(objectname) --sort -committerdate
> git remote --verbose
> git config --get commit.template
> git show :mobile/.gitignore
> git ls-files --stage -- /home/denis/Workspace/Oministack11/mobile/.gitignore
> git show :mobile/App.js
> git ls-files --stage -- /home/denis/Workspace/Oministack11/mobile/App.js
> git check-ignore -v -z --stdin
> git add -A -- .
> git commit --quiet --allow-empty-message --file -
> git status -z -u
> git symbolic-ref --short HEAD
> git rev-parse master
> git rev-parse --symbolic-full-name master@{u}
> git rev-list --left-right master...refs/remotes/origin/master
> git for-each-ref --format %(refname) %(objectname) --sort -committerdate
> git remote --verbose
> git config --get commit.template
> git config --get commit.template
> git ls-files --stage -- /home/denis/Workspace/Oministack11/mobile/App.js
> git cat-file -s 58dce60d36655a9b9c0f0729bfc0d6cf82e8c2ac
> git show :mobile/App.js
> git status -z -u
> git symbolic-ref --short HEAD
> git rev-parse master
> git rev-parse --symbolic-full-name master@{u}
> git rev-list --left-right master...refs/remotes/origin/master
> git for-each-ref --format %(refname) %(objectname) --sort -committerdate
> git remote --verbose
> git config --get commit.template
> git check-ignore -v -z --stdin
> git show HEAD:mobile/~/.vscode-root/logs/20200329T143640/exthost1/output_logging_20200329T143649/3-Git.log
> git ls-tree -l HEAD -- /home/denis/Workspace/Oministack11/mobile/~/.vscode-root/logs/20200329T143640/exthost1/output_logging_20200329T143649/3-Git.log
> git check-ignore -v -z --stdin
> git show :mobile/App.js
> git ls-files --stage -- /home/denis/Workspace/Oministack11/mobile/App.js
> git cat-file -s 58dce60d36655a9b9c0f0729bfc0d6cf82e8c2ac
> git status -z -u
> git ls-files --stage -- /home/denis/Workspace/Oministack11/mobile/App.js
> git symbolic-ref --short HEAD
> git cat-file -s 58dce60d36655a9b9c0f0729bfc0d6cf82e8c2ac
> git rev-parse master
> git rev-parse --symbolic-full-name master@{u}
> git show :mobile/App.js
> git rev-list --left-right master...refs/remotes/origin/master
> git for-each-ref --format %(refname) %(objectname) --sort -committerdate
> git remote --verbose
> git config --get commit.template
> git status -z -u
> git symbolic-ref --short HEAD
> git rev-parse master
> git rev-parse --symbolic-full-name master@{u}
> git rev-list --left-right master...refs/remotes/origin/master
> git for-each-ref --format %(refname) %(objectname) --sort -committerdate
> git remote --verbose
> git config --get commit.template
> git status -z -u
> git symbolic-ref --short HEAD
> git rev-parse master
> git rev-parse --symbolic-full-name master@{u}
> git rev-list --left-right master...refs/remotes/origin/master
> git for-each-ref --format %(refname) %(objectname) --sort -committerdate
> git remote --verbose
> git config --get commit.template
> git status -z -u
> git symbolic-ref --short HEAD
> git rev-parse master
> git rev-parse --symbolic-full-name master@{u}
> git rev-list --left-right master...refs/remotes/origin/master
> git for-each-ref --format %(refname) %(objectname) --sort -committerdate
> git remote --verbose
> git config --get commit.template
> git status -z -u
> git symbolic-ref --short HEAD
> git rev-parse master
> git rev-parse --symbolic-full-name master@{u}
> git rev-list --left-right master...refs/remotes/origin/master
> git for-each-ref --format %(refname) %(objectname) --sort -committerdate
> git remote --verbose
> git config --get commit.template
> git check-ignore -v -z --stdin
> git check-ignore -v -z --stdin
> git check-ignore -v -z --stdin
> git check-ignore -v -z --stdin
> git show :mobile/src/pages/Incidents/index.js
> git ls-files --stage -- /home/denis/Workspace/Oministack11/mobile/src/pages/Incidents/index.js
> git check-ignore -v -z --stdin
> git show :mobile/app.json
> git ls-files --stage -- /home/denis/Workspace/Oministack11/mobile/app.json
> git cat-file -s d5e10dfffeeb72738375d458072ef9d02df832dd
> git show :mobile/src/pages/Incidents/index.js
> git ls-files --stage -- /home/denis/Workspace/Oministack11/mobile/src/pages/Incidents/index.js
> git show :mobile/App.js
> git ls-files --stage -- /home/denis/Workspace/Oministack11/mobile/App.js
> git cat-file -s 58dce60d36655a9b9c0f0729bfc0d6cf82e8c2ac
> git show :mobile/src/pages/Incidents/styles.js
> git ls-files --stage -- /home/denis/Workspace/Oministack11/mobile/src/pages/Incidents/styles.js
> git check-ignore -v -z --stdin
> git check-ignore -v -z --stdin
> git show :mobile/src/pages/Details/index.js
> git ls-files --stage -- /home/denis/Workspace/Oministack11/mobile/src/pages/Details/index.js
> git check-ignore -v -z --stdin
> git show :mobile/src/pages/Details/styles.js
> git ls-files --stage -- /home/denis/Workspace/Oministack11/mobile/src/pages/Details/styles.js
> git check-ignore -v -z --stdin
> git show :mobile/src/pages/Incidents/index.js
> git ls-files --stage -- /home/denis/Workspace/Oministack11/mobile/src/pages/Incidents/index.js
> git show :mobile/App.js
> git ls-files --stage -- /home/denis/Workspace/Oministack11/mobile/App.js
> git cat-file -s 58dce60d36655a9b9c0f0729bfc0d6cf82e8c2ac
> git show :mobile/src/pages/Incidents/index.js
> git ls-files --stage -- /home/denis/Workspace/Oministack11/mobile/src/pages/Incidents/index.js
> git show :mobile/App.js
> git ls-files --stage -- /home/denis/Workspace/Oministack11/mobile/App.js
> git cat-file -s 58dce60d36655a9b9c0f0729bfc0d6cf82e8c2ac
> git show :mobile/src/pages/Incidents/index.js
> git ls-files --stage -- /home/denis/Workspace/Oministack11/mobile/src/pages/Incidents/index.js
> git show :mobile/src/pages/Details/index.js
> git ls-files --stage -- /home/denis/Workspace/Oministack11/mobile/src/pages/Details/index.js
> git show :mobile/src/pages/Incidents/index.js
> git ls-files --stage -- /home/denis/Workspace/Oministack11/mobile/src/pages/Incidents/index.js
> git show :mobile/src/pages/Details/index.js
> git ls-files --stage -- /home/denis/Workspace/Oministack11/mobile/src/pages/Details/index.js
> git show :mobile/src/pages/Incidents/index.js
> git ls-files --stage -- /home/denis/Workspace/Oministack11/mobile/src/pages/Incidents/index.js
> git show :mobile/src/pages/Details/index.js
> git ls-files --stage -- /home/denis/Workspace/Oministack11/mobile/src/pages/Details/index.js
> git show :mobile/src/pages/Incidents/index.js
> git ls-files --stage -- /home/denis/Workspace/Oministack11/mobile/src/pages/Incidents/index.js
> git show :mobile/src/pages/Details/index.js
> git ls-files --stage -- /home/denis/Workspace/Oministack11/mobile/src/pages/Details/index.js
> git show :mobile/App.js
> git ls-files --stage -- /home/denis/Workspace/Oministack11/mobile/App.js
> git cat-file -s 58dce60d36655a9b9c0f0729bfc0d6cf82e8c2ac
> git show :mobile/src/routes.js
> git ls-files --stage -- /home/denis/Workspace/Oministack11/mobile/src/routes.js
> git check-ignore -v -z --stdin
> git show :mobile/App.js
> git ls-files --stage -- /home/denis/Workspace/Oministack11/mobile/App.js
> git cat-file -s 58dce60d36655a9b9c0f0729bfc0d6cf82e8c2ac
> git show :mobile/src/routes.js
> git ls-files --stage -- /home/denis/Workspace/Oministack11/mobile/src/routes.js
> git show :mobile/App.js
> git ls-files --stage -- /home/denis/Workspace/Oministack11/mobile/App.js
> git cat-file -s 58dce60d36655a9b9c0f0729bfc0d6cf82e8c2ac
> git show :mobile/src/routes.js
> git ls-files --stage -- /home/denis/Workspace/Oministack11/mobile/src/routes.js
> git show :mobile/App.js
> git ls-files --stage -- /home/denis/Workspace/Oministack11/mobile/App.js
> git cat-file -s 58dce60d36655a9b9c0f0729bfc0d6cf82e8c2ac
> git show :mobile/src/routes.js
> git ls-files --stage -- /home/denis/Workspace/Oministack11/mobile/src/routes.js
> git show :mobile/App.js
> git ls-files --stage -- /home/denis/Workspace/Oministack11/mobile/App.js
> git cat-file -s 58dce60d36655a9b9c0f0729bfc0d6cf82e8c2ac
> git show :mobile/src/routes.js
> git ls-files --stage -- /home/denis/Workspace/Oministack11/mobile/src/routes.js
> git show :mobile/App.js
> git ls-files --stage -- /home/denis/Workspace/Oministack11/mobile/App.js
> git cat-file -s 58dce60d36655a9b9c0f0729bfc0d6cf82e8c2ac
> git show :mobile/src/routes.js
> git ls-files --stage -- /home/denis/Workspace/Oministack11/mobile/src/routes.js
> git show :mobile/App.js
> git ls-files --stage -- /home/denis/Workspace/Oministack11/mobile/App.js
> git cat-file -s 58dce60d36655a9b9c0f0729bfc0d6cf82e8c2ac
> git show :mobile/src/routes.js
> git ls-files --stage -- /home/denis/Workspace/Oministack11/mobile/src/routes.js
> git show :mobile/App.js
> git ls-files --stage -- /home/denis/Workspace/Oministack11/mobile/App.js
> git cat-file -s 58dce60d36655a9b9c0f0729bfc0d6cf82e8c2ac
> git show :mobile/src/routes.js
> git ls-files --stage -- /home/denis/Workspace/Oministack11/mobile/src/routes.js
> git show :mobile/App.js
> git ls-files --stage -- /home/denis/Workspace/Oministack11/mobile/App.js
> git cat-file -s 58dce60d36655a9b9c0f0729bfc0d6cf82e8c2ac
> git show :mobile/src/pages/Details/index.js
> git ls-files --stage -- /home/denis/Workspace/Oministack11/mobile/src/pages/Details/index.js
> git show :mobile/App.js
> git ls-files --stage -- /home/denis/Workspace/Oministack11/mobile/App.js
> git cat-file -s 58dce60d36655a9b9c0f0729bfc0d6cf82e8c2ac
